2024-12-10 11:50:20,439 [INFO] Activator:176 - 


2024-12-10 11:50:20,471 [INFO] Activator:177 - !SESSION log4j initialized
2024-12-10 11:50:39,387 [INFO] LogOutputStream:77 - [STDOUT_REDIRECT] 
2024-12-10 11:50:43,500 [ERROR] ConfigurationRetriever:142 - IOException on connection: Read timed out
2024-12-10 11:50:43,982 [INFO] ApplicationProperties:184 - Using Application install path: C:\Programs_2\ST\STM32CubeIDE_1.16.1\STM32CubeIDE\plugins\com.st.stm32cube.common.mx_6.13.0.202411220809
2024-12-10 11:50:44,036 [INFO] DbMcusXml:78 - Set database path to: C:\Programs_2\ST\STM32CubeIDE_1.16.1\STM32CubeIDE\plugins\com.st.stm32cube.common.mx_6.13.0.202411220809\\db\/mcu/
2024-12-10 11:50:44,037 [INFO] ApiDb:274 - Set plugin database path to: C:\Programs_2\ST\STM32CubeIDE_1.16.1\STM32CubeIDE\plugins\com.st.stm32cube.common.mx_6.13.0.202411220809\\db\/plugins/boardmanager/
2024-12-10 11:50:44,038 [WARN] ApiDb:259 - Overriding images path with different value:  => C:\Programs_2\ST\STM32CubeIDE_1.16.1\STM32CubeIDE\plugins\com.st.stm32cube.common.mx_6.13.0.202411220809\\db\/plugins/mcufinder/images/
2024-12-10 11:50:44,078 [INFO] ApiDb:250 - Set database path to: C:\Users\asad1\.stmcufinder\plugins\mcufinder//mcu/
2024-12-10 11:50:44,083 [INFO] DbMcusAds:125 - Set database path to: C:\Users\asad1\.stmcufinder\plugins\mcufinder//mcu/
2024-12-10 11:50:44,092 [INFO] CrossReferenceDbSqlite:203 - Set database path to: C:\Users\asad1\.stmcufinder\plugins\mcufinder//mcu/cs/
2024-12-10 11:50:44,522 [INFO] RulesReader:64 - Compatibility file has been processed (297 Rules)
2024-12-10 11:50:44,791 [INFO] DbMcusXml:78 - Set database path to: C:\Programs_2\ST\STM32CubeIDE_1.16.1\STM32CubeIDE\plugins\com.st.stm32cube.common.mx_6.13.0.202411220809\\db\/mcu/
2024-12-10 11:50:44,791 [INFO] ApiDb:274 - Set plugin database path to: C:\Programs_2\ST\STM32CubeIDE_1.16.1\STM32CubeIDE\plugins\com.st.stm32cube.common.mx_6.13.0.202411220809\\db\/plugins/boardmanager/
2024-12-10 11:50:44,792 [INFO] ApiDb:261 - Set plugin images path to: C:\Programs_2\ST\STM32CubeIDE_1.16.1\STM32CubeIDE\plugins\com.st.stm32cube.common.mx_6.13.0.202411220809\\db\/plugins/mcufinder/images/
2024-12-10 11:50:44,793 [WARN] DbFile:41 - Overriding database path with different value: C:\Users\asad1\.stmcufinder\plugins\mcufinder/ => C:\Users\asad1\.stmcufinder\plugins\mcufinder
2024-12-10 11:50:44,793 [INFO] ApiDb:250 - Set database path to: C:\Users\asad1\.stmcufinder\plugins\mcufinder//mcu/
2024-12-10 11:50:44,794 [WARN] DbFile:41 - Overriding database path with different value: C:\Users\asad1\.stmcufinder\plugins\mcufinder/ => C:\Users\asad1\.stmcufinder\plugins\mcufinder
2024-12-10 11:50:44,794 [INFO] DbMcusAds:125 - Set database path to: C:\Users\asad1\.stmcufinder\plugins\mcufinder//mcu/
2024-12-10 11:50:44,794 [WARN] DbFile:41 - Overriding database path with different value: C:\Users\asad1\.stmcufinder\plugins\mcufinder/ => C:\Users\asad1\.stmcufinder\plugins\mcufinder
2024-12-10 11:50:44,795 [WARN] DbFile:41 - Overriding database path with different value: C:\Users\asad1\.stmcufinder\plugins\mcufinder/ => C:\Users\asad1\.stmcufinder\plugins\mcufinder
2024-12-10 11:50:44,795 [INFO] CrossReferenceDbSqlite:203 - Set database path to: C:\Users\asad1\.stmcufinder\plugins\mcufinder//mcu/cs/
2024-12-10 11:50:45,050 [INFO] MainPanel:272 - HeapMemory: 268435456
2024-12-10 11:50:45,391 [INFO] DbMcusXml:78 - Set database path to: C:\Programs_2\ST\STM32CubeIDE_1.16.1\STM32CubeIDE\plugins\com.st.stm32cube.common.mx_6.13.0.202411220809\\db\/mcu/
2024-12-10 11:50:45,391 [INFO] ApiDb:274 - Set plugin database path to: C:\Programs_2\ST\STM32CubeIDE_1.16.1\STM32CubeIDE\plugins\com.st.stm32cube.common.mx_6.13.0.202411220809\\db\/plugins/boardmanager/
2024-12-10 11:50:45,392 [INFO] ApiDb:261 - Set plugin images path to: C:\Programs_2\ST\STM32CubeIDE_1.16.1\STM32CubeIDE\plugins\com.st.stm32cube.common.mx_6.13.0.202411220809\\db\/plugins/mcufinder/images/
2024-12-10 11:50:45,392 [WARN] DbFile:41 - Overriding database path with different value: C:\Users\asad1\.stmcufinder\plugins\mcufinder/ => C:\Users\asad1\.stmcufinder\plugins\mcufinder
2024-12-10 11:50:45,393 [INFO] ApiDb:250 - Set database path to: C:\Users\asad1\.stmcufinder\plugins\mcufinder//mcu/
2024-12-10 11:50:45,393 [WARN] DbFile:41 - Overriding database path with different value: C:\Users\asad1\.stmcufinder\plugins\mcufinder/ => C:\Users\asad1\.stmcufinder\plugins\mcufinder
2024-12-10 11:50:45,393 [INFO] DbMcusAds:125 - Set database path to: C:\Users\asad1\.stmcufinder\plugins\mcufinder//mcu/
2024-12-10 11:50:45,394 [WARN] DbFile:41 - Overriding database path with different value: C:\Users\asad1\.stmcufinder\plugins\mcufinder/ => C:\Users\asad1\.stmcufinder\plugins\mcufinder
2024-12-10 11:50:45,394 [WARN] DbFile:41 - Overriding database path with different value: C:\Users\asad1\.stmcufinder\plugins\mcufinder/ => C:\Users\asad1\.stmcufinder\plugins\mcufinder
2024-12-10 11:50:45,394 [INFO] CrossReferenceDbSqlite:203 - Set database path to: C:\Users\asad1\.stmcufinder\plugins\mcufinder//mcu/cs/
2024-12-10 11:50:45,454 [INFO] ApplicationProperties:184 - Using Application install path: C:\Programs_2\ST\STM32CubeIDE_1.16.1\STM32CubeIDE\plugins\com.st.stm32cube.common.mx_6.13.0.202411220809
2024-12-10 11:50:45,459 [INFO] PluginManage:196 - Search for loadable plugins [exclusion list=, ]
2024-12-10 11:50:45,464 [INFO] PluginManage:310 - Check plugin analytics
2024-12-10 11:50:46,098 [INFO] AnalyticsPlugin:253 - Accepted Software Licenses: STM32CubeMX.6.13.0
2024-12-10 11:50:46,099 [INFO] AnalyticsPlugin:255 - Accepted CMSIS Pack Licenses: 
2024-12-10 11:50:46,100 [INFO] AnalyticsPlugin:257 - Accepted Firmware Licenses: FW.G0.1.6.0,FW.L4.1.18.0,FW.F4.1.28.0
2024-12-10 11:50:46,114 [INFO] PluginManage:359 - Loaded plugin analytics (category:tool,tabindex:-1)
2024-12-10 11:50:46,115 [INFO] PluginManage:310 - Check plugin cadmodel
2024-12-10 11:50:46,154 [INFO] CADModel:105 - Init CAD model plugin
2024-12-10 11:50:46,155 [INFO] PluginManage:359 - Loaded plugin cadmodel (category:power,tabindex:5)
2024-12-10 11:50:46,156 [INFO] PluginManage:310 - Check plugin clock
2024-12-10 11:50:46,161 [ERROR] ConfigurationRetriever:142 - IOException on connection: Read timed out
2024-12-10 11:50:46,209 [INFO] PluginManage:359 - Loaded plugin clock (category:base,tabindex:2)
2024-12-10 11:50:46,210 [INFO] PluginManage:310 - Check plugin ddr
2024-12-10 11:50:46,220 [INFO] PluginManage:359 - Loaded plugin ddr (category:tool,tabindex:6)
2024-12-10 11:50:46,220 [INFO] PluginManage:310 - Check plugin filemanager
2024-12-10 11:50:46,755 [INFO] PluginManage:359 - Loaded plugin filemanager (category:base,tabindex:10)
2024-12-10 11:50:46,756 [INFO] PluginManage:310 - Check plugin ipmanager
2024-12-10 11:50:46,777 [INFO] PluginManage:359 - Loaded plugin ipmanager (category:base,tabindex:5)
2024-12-10 11:50:46,778 [INFO] PluginManage:310 - Check plugin lpbam
2024-12-10 11:50:46,823 [INFO] PluginManage:359 - Loaded plugin lpbam (category:base,tabindex:0)
2024-12-10 11:50:46,824 [INFO] PluginManage:310 - Check plugin memorymap
2024-12-10 11:50:46,886 [INFO] PluginManage:359 - Loaded plugin memorymap (category:base,tabindex:4)
2024-12-10 11:50:46,886 [INFO] PluginManage:310 - Check plugin pinoutandconfiguration
2024-12-10 11:50:46,948 [INFO] PluginManage:359 - Loaded plugin pinoutandconfiguration (category:base,tabindex:1)
2024-12-10 11:50:46,948 [INFO] PluginManage:310 - Check plugin pinoutconfig
2024-12-10 11:50:47,269 [WARN] SupportedApi:132 - Cannot load RTOS API schema: s4s-elt-must-match.1: The content of 'definitions' must match (annotation?, (simpleType | complexType)?, (unique | key | keyref)*)). A problem was found starting at: attribute.
2024-12-10 11:50:47,832 [INFO] PluginManage:359 - Loaded plugin pinoutconfig (category:base,tabindex:0)
2024-12-10 11:50:47,833 [INFO] PluginManage:310 - Check plugin power
2024-12-10 11:50:47,877 [INFO] PluginManage:359 - Loaded plugin power (category:power,tabindex:4)
2024-12-10 11:50:47,878 [INFO] PluginManage:310 - Check plugin projectmanager
2024-12-10 11:50:47,926 [INFO] PluginManage:359 - Loaded plugin projectmanager (category:projectmanager,tabindex:4)
2024-12-10 11:50:47,927 [INFO] PluginManage:310 - Check plugin rif
2024-12-10 11:50:47,962 [INFO] PluginManage:359 - Loaded plugin rif (category:base,tabindex:3)
2024-12-10 11:50:47,963 [INFO] PluginManage:310 - Check plugin thirdparty
2024-12-10 11:50:48,699 [INFO] PluginManage:359 - Loaded plugin thirdparty (category:base,tabindex:-1)
2024-12-10 11:50:48,699 [WARN] IntegrityCheckThread:84 - waiting for thirdparty lock release [integrity check]
2024-12-10 11:50:48,700 [INFO] PluginManage:310 - Check plugin tools
2024-12-10 11:50:48,700 [INFO] IntegrityCheckThread:86 - entering critical section [integrity check]
2024-12-10 11:50:48,701 [INFO] ThirdPartyUpdaterWithRetryManager:70 - Updater plugin not ready yet. [1/15]
2024-12-10 11:50:48,776 [INFO] PluginManage:359 - Loaded plugin tools (category:base,tabindex:7)
2024-12-10 11:50:48,776 [INFO] PluginManage:310 - Check plugin tutovideos
2024-12-10 11:50:49,392 [INFO] PluginManage:359 - Loaded plugin tutovideos (category:base,tabindex:-1)
2024-12-10 11:50:49,392 [INFO] PluginManage:310 - Check plugin updater
2024-12-10 11:50:49,466 [INFO] PluginManage:359 - Loaded plugin updater (category:base,tabindex:12)
2024-12-10 11:50:49,467 [INFO] PluginManage:310 - Check plugin userauth
2024-12-10 11:50:49,479 [INFO] UserAuth:118 - Init User Auth plugin
2024-12-10 11:50:49,482 [INFO] PluginManage:359 - Loaded plugin userauth (category:base,tabindex:14)
2024-12-10 11:50:49,484 [INFO] PluginManage:283 - PluginManage : Loaded plugins [18]
2024-12-10 11:50:50,168 [INFO] PinOutPanel:1589 - setPackage(No Configuration,No Configuration)
2024-12-10 11:50:50,464 [INFO] CADModel:165 - CPN selected for project level
2024-12-10 11:50:50,465 [INFO] CADModel:114 - Register for checkConnection events
2024-12-10 11:50:50,544 [INFO] IPUIPlugin:80 - create IPUIPlugin
2024-12-10 11:50:50,544 [INFO] PluginManager:220 - loadIPPluginJar : add adc
2024-12-10 11:50:50,600 [INFO] IPUIPlugin:80 - create IPUIPlugin
2024-12-10 11:50:50,600 [INFO] PluginManager:220 - loadIPPluginJar : add aes
2024-12-10 11:50:50,758 [INFO] IPUIPlugin:80 - create IPUIPlugin
2024-12-10 11:50:50,758 [INFO] PluginManager:220 - loadIPPluginJar : add can
2024-12-10 11:50:50,845 [INFO] IPUIPlugin:80 - create IPUIPlugin
2024-12-10 11:50:50,845 [INFO] PluginManager:220 - loadIPPluginJar : add comp
2024-12-10 11:50:50,978 [INFO] IPUIPlugin:80 - create IPUIPlugin
2024-12-10 11:50:50,978 [INFO] PluginManager:220 - loadIPPluginJar : add cryp
2024-12-10 11:50:51,005 [INFO] IPUIPlugin:80 - create IPUIPlugin
2024-12-10 11:50:51,006 [INFO] PluginManager:220 - loadIPPluginJar : add ddr_ctrl_phy
2024-12-10 11:50:51,103 [INFO] IPUIPlugin:80 - create IPUIPlugin
2024-12-10 11:50:51,104 [INFO] PluginManager:220 - loadIPPluginJar : add dfsdm
2024-12-10 11:50:51,164 [INFO] IPUIPlugin:80 - create IPUIPlugin
2024-12-10 11:50:51,165 [INFO] PluginManager:220 - loadIPPluginJar : add dma
2024-12-10 11:50:51,248 [INFO] IPUIPlugin:80 - create IPUIPlugin
2024-12-10 11:50:51,249 [INFO] PluginManager:220 - loadIPPluginJar : add dma3
2024-12-10 11:50:51,329 [INFO] IPUIPlugin:80 - create IPUIPlugin
2024-12-10 11:50:51,329 [INFO] PluginManager:220 - loadIPPluginJar : add extmemmanager
2024-12-10 11:50:51,418 [INFO] IPUIPlugin:80 - create IPUIPlugin
2024-12-10 11:50:51,419 [INFO] PluginManager:220 - loadIPPluginJar : add fatfs
2024-12-10 11:50:51,514 [INFO] IPUIPlugin:80 - create IPUIPlugin
2024-12-10 11:50:51,514 [INFO] PluginManager:220 - loadIPPluginJar : add fmc
2024-12-10 11:50:51,573 [INFO] IPUIPlugin:80 - create IPUIPlugin
2024-12-10 11:50:51,574 [INFO] PluginManager:220 - loadIPPluginJar : add freertos
2024-12-10 11:50:51,619 [INFO] IPUIPlugin:80 - create IPUIPlugin
2024-12-10 11:50:51,620 [INFO] PluginManager:220 - loadIPPluginJar : add genericplugin
2024-12-10 11:50:51,702 [INFO] ThirdPartyUpdaterWithRetryManager:70 - Updater plugin not ready yet. [2/15]
2024-12-10 11:50:52,042 [INFO] IPUIPlugin:80 - create IPUIPlugin
2024-12-10 11:50:52,042 [INFO] PluginManager:220 - loadIPPluginJar : add gfxmmu
2024-12-10 11:50:52,563 [INFO] IPUIPlugin:80 - create IPUIPlugin
2024-12-10 11:50:52,564 [INFO] PluginManager:220 - loadIPPluginJar : add gic
2024-12-10 11:50:52,622 [INFO] IPUIPlugin:80 - create IPUIPlugin
2024-12-10 11:50:52,622 [INFO] PluginManager:220 - loadIPPluginJar : add gpio
2024-12-10 11:50:52,897 [INFO] IPUIPlugin:80 - create IPUIPlugin
2024-12-10 11:50:52,898 [INFO] PluginManager:220 - loadIPPluginJar : add gtzc
2024-12-10 11:50:53,020 [INFO] IPUIPlugin:80 - create IPUIPlugin
2024-12-10 11:50:53,020 [INFO] PluginManager:220 - loadIPPluginJar : add hash
2024-12-10 11:50:53,229 [INFO] IPUIPlugin:80 - create IPUIPlugin
2024-12-10 11:50:53,229 [INFO] PluginManager:220 - loadIPPluginJar : add i2c
2024-12-10 11:50:53,366 [INFO] IPUIPlugin:80 - create IPUIPlugin
2024-12-10 11:50:53,367 [INFO] PluginManager:220 - loadIPPluginJar : add i2s
2024-12-10 11:50:53,493 [INFO] IPUIPlugin:80 - create IPUIPlugin
2024-12-10 11:50:53,494 [INFO] PluginManager:220 - loadIPPluginJar : add i3c
2024-12-10 11:50:53,916 [INFO] IPUIPlugin:80 - create IPUIPlugin
2024-12-10 11:50:53,916 [INFO] PluginManager:220 - loadIPPluginJar : add ipddr
2024-12-10 11:50:54,306 [INFO] IPUIPlugin:80 - create IPUIPlugin
2024-12-10 11:50:54,307 [INFO] PluginManager:220 - loadIPPluginJar : add linkedlist
2024-12-10 11:50:54,366 [INFO] IPUIPlugin:80 - create IPUIPlugin
2024-12-10 11:50:54,367 [INFO] PluginManager:220 - loadIPPluginJar : add lorawan
2024-12-10 11:50:54,466 [INFO] IPUIPlugin:80 - create IPUIPlugin
2024-12-10 11:50:54,466 [INFO] PluginManager:220 - loadIPPluginJar : add ltdc
2024-12-10 11:50:54,507 [INFO] IPUIPlugin:80 - create IPUIPlugin
2024-12-10 11:50:54,508 [INFO] PluginManager:220 - loadIPPluginJar : add mdma
2024-12-10 11:50:54,542 [INFO] IPUIPlugin:80 - create IPUIPlugin
2024-12-10 11:50:54,543 [INFO] PluginManager:220 - loadIPPluginJar : add nvic
2024-12-10 11:50:54,623 [INFO] IPUIPlugin:80 - create IPUIPlugin
2024-12-10 11:50:54,623 [INFO] PluginManager:220 - loadIPPluginJar : add opamp
2024-12-10 11:50:54,703 [INFO] ThirdPartyUpdaterWithRetryManager:70 - Updater plugin not ready yet. [3/15]
2024-12-10 11:50:54,841 [INFO] IPUIPlugin:80 - create IPUIPlugin
2024-12-10 11:50:54,841 [INFO] PluginManager:220 - loadIPPluginJar : add openamp
2024-12-10 11:50:54,965 [INFO] IPUIPlugin:80 - create IPUIPlugin
2024-12-10 11:50:54,966 [INFO] PluginManager:220 - loadIPPluginJar : add pdm2pcm
2024-12-10 11:50:54,999 [INFO] IPUIPlugin:80 - create IPUIPlugin
2024-12-10 11:50:55,009 [INFO] PluginManager:220 - loadIPPluginJar : add plateformsettings
2024-12-10 11:50:55,049 [INFO] IPUIPlugin:80 - create IPUIPlugin
2024-12-10 11:50:55,050 [INFO] PluginManager:220 - loadIPPluginJar : add quadspi
2024-12-10 11:50:55,099 [INFO] IPUIPlugin:80 - create IPUIPlugin
2024-12-10 11:50:55,101 [INFO] PluginManager:220 - loadIPPluginJar : add radio
2024-12-10 11:50:55,128 [INFO] IPUIPlugin:80 - create IPUIPlugin
2024-12-10 11:50:55,128 [INFO] PluginManager:220 - loadIPPluginJar : add resmgrutility
2024-12-10 11:50:55,281 [INFO] IPUIPlugin:80 - create IPUIPlugin
2024-12-10 11:50:55,282 [INFO] PluginManager:220 - loadIPPluginJar : add sai
2024-12-10 11:50:55,377 [INFO] IPUIPlugin:80 - create IPUIPlugin
2024-12-10 11:50:55,377 [INFO] PluginManager:220 - loadIPPluginJar : add spi
2024-12-10 11:50:55,646 [INFO] IPUIPlugin:80 - create IPUIPlugin
2024-12-10 11:50:55,647 [INFO] PluginManager:220 - loadIPPluginJar : add stm32_wpan
2024-12-10 11:50:55,685 [INFO] IPUIPlugin:80 - create IPUIPlugin
2024-12-10 11:50:55,685 [INFO] PluginManager:220 - loadIPPluginJar : add tim
2024-12-10 11:50:55,967 [INFO] IPUIPlugin:80 - create IPUIPlugin
2024-12-10 11:50:55,968 [INFO] PluginManager:220 - loadIPPluginJar : add touchsensing
2024-12-10 11:50:56,082 [INFO] IPUIPlugin:80 - create IPUIPlugin
2024-12-10 11:50:56,083 [INFO] PluginManager:220 - loadIPPluginJar : add tracer_emb
2024-12-10 11:50:56,141 [INFO] IPUIPlugin:80 - create IPUIPlugin
2024-12-10 11:50:56,141 [INFO] PluginManager:220 - loadIPPluginJar : add ts
2024-12-10 11:50:56,180 [INFO] IPUIPlugin:80 - create IPUIPlugin
2024-12-10 11:50:56,181 [INFO] PluginManager:220 - loadIPPluginJar : add tsc
2024-12-10 11:50:56,289 [INFO] IPUIPlugin:80 - create IPUIPlugin
2024-12-10 11:50:56,289 [INFO] PluginManager:220 - loadIPPluginJar : add ucpd
2024-12-10 11:50:56,510 [INFO] IPUIPlugin:80 - create IPUIPlugin
2024-12-10 11:50:56,511 [INFO] PluginManager:220 - loadIPPluginJar : add usart
2024-12-10 11:50:56,628 [INFO] IPUIPlugin:80 - create IPUIPlugin
2024-12-10 11:50:56,629 [INFO] PluginManager:220 - loadIPPluginJar : add usbx
2024-12-10 11:50:56,886 [FATAL] Updater:351 - Updater called before beeing initialized
2024-12-10 11:50:56,970 [INFO] RulesReader:64 - Compatibility file has been processed (297 Rules)
2024-12-10 11:50:57,020 [INFO] RulesReader:64 - Compatibility file has been processed (297 Rules)
2024-12-10 11:50:57,045 [INFO] CADModel:165 - CPN selected for project level
2024-12-10 11:50:57,046 [INFO] CADModel:114 - Register for checkConnection events
2024-12-10 11:50:57,046 [FATAL] Updater:351 - Updater called before beeing initialized
2024-12-10 11:50:57,047 [ERROR] CADModel:125 - Updater not yet initialized, retry later 
2024-12-10 11:50:57,543 [FATAL] Updater:351 - Updater called before beeing initialized
2024-12-10 11:50:57,550 [INFO] CADModel:165 - CPN selected for project level
2024-12-10 11:50:57,550 [INFO] CADModel:114 - Register for checkConnection events
2024-12-10 11:50:57,551 [FATAL] Updater:351 - Updater called before beeing initialized
2024-12-10 11:50:57,551 [ERROR] CADModel:125 - Updater not yet initialized, retry later 
2024-12-10 11:50:57,563 [FATAL] Updater:351 - Updater called before beeing initialized
2024-12-10 11:50:57,704 [INFO] ThirdPartyUpdaterWithRetryManager:70 - Updater plugin not ready yet. [4/15]
2024-12-10 11:50:57,902 [FATAL] Updater:351 - Updater called before beeing initialized
2024-12-10 11:50:57,944 [INFO] DbMcusAds:53 - JSON generation date=Fri Sep 20 15:04:23 CEST 2024 (1726837463113)
2024-12-10 11:50:57,945 [FATAL] Updater:351 - Updater called before beeing initialized
2024-12-10 11:50:58,106 [WARN] DetailPanel:346 - Failed to get advertising image, set to default
2024-12-10 11:50:59,238 [FATAL] Updater:351 - Updater called before beeing initialized
2024-12-10 11:50:59,246 [FATAL] Updater:351 - Updater called before beeing initialized
2024-12-10 11:50:59,246 [FATAL] Updater:351 - Updater called before beeing initialized
2024-12-10 11:50:59,246 [WARN] DetailPanel:346 - Failed to get advertising image, set to default
2024-12-10 11:50:59,250 [FATAL] Updater:351 - Updater called before beeing initialized
2024-12-10 11:50:59,454 [ERROR] Updater:1198 - MainUpdater not yet initialized. External WinMGr cannot be set.
2024-12-10 11:50:59,476 [INFO] Updater:1134 - Updater Version found : 6.13.0
2024-12-10 11:50:59,530 [INFO] ApplicationProperties:184 - Using Application install path: C:\Programs_2\ST\STM32CubeIDE_1.16.1\STM32CubeIDE\plugins\com.st.stm32cube.common.mx_6.13.0.202411220809
2024-12-10 11:51:00,705 [FATAL] Updater:351 - Updater called before beeing initialized
2024-12-10 11:51:00,706 [ERROR] IntegrityCheckThread:130 - Cannot retrieve database content from updater: error 21
2024-12-10 11:51:00,707 [INFO] ThirdParty:978 - Integrity check success = false
2024-12-10 11:51:00,707 [INFO] IntegrityCheckThread:100 - exiting critical section [integrity check]
2024-12-10 11:51:00,707 [INFO] IntegrityCheckThread:103 - End integrity checks thread
2024-12-10 11:51:01,147 [ERROR] LogOutputStream:75 - [STDERR_REDIRECT] Dec 10, 2024 11:51:01 AM java.util.prefs.WindowsPreferences <init>
2024-12-10 11:51:01,152 [ERROR] LogOutputStream:75 - [STDERR_REDIRECT] WARNING: Could not open/create prefs root node Software\JavaSoft\Prefs at root 0xffffffff80000002. Windows RegCreateKeyEx(...) returned error code 5.
2024-12-10 11:51:01,153 [ERROR] LogOutputStream:75 - [STDERR_REDIRECT] 
2024-12-10 11:51:02,074 [INFO] MainUpdater:2872 - connection check result : 10
2024-12-10 11:51:02,075 [INFO] MainUpdater:3566 - Updater definition file requires update
2024-12-10 11:51:02,077 [INFO] MainUpdater:289 - Updater Check For Update Now.
2024-12-10 11:51:02,078 [INFO] MicroXplorer:498 - Change Database Version : DB.6.0.130
2024-12-10 11:51:02,114 [INFO] McuFinderGlobals:63 - Set McuFinder mode to 2 (CubeIDE integrated)
2024-12-10 11:51:02,127 [INFO] UserAuth:486 - Internet connection configuration mode: 1
2024-12-10 11:51:02,208 [INFO] JxBrowserEngine:152 - Initiate JxBrowser Engine with user profile folder
2024-12-10 11:51:02,257 [INFO] ServerAccessManage:473 - Download File updaters.zip
2024-12-10 11:51:02,489 [INFO] FileExtend:240 - Unzip File : updaters.zip
2024-12-10 11:51:02,490 [INFO] FileExtend:255 - Standard Zip Deflate
2024-12-10 11:51:04,126 [INFO] ServerAccessManage:473 - Download File PacksControlFlags.xml
2024-12-10 11:51:05,094 [INFO] ServerAccessManage:473 - Download File cubemx.pidx
2024-12-10 11:51:06,942 [INFO] ServerAccessManage:473 - Download File STMicroelectronics.X-CUBE-BLEMGR.pdsc
2024-12-10 11:51:06,943 [INFO] WebApp:168 - Instantiating new browser for Auth
2024-12-10 11:51:07,087 [ERROR] ServerAccessManage:1089 - Problem, file not found on Server
2024-12-10 11:51:09,209 [INFO] WebApp:449 - Apply proxy settings
2024-12-10 11:51:09,209 [INFO] WebApp:534 - Chromium requires no authentication
2024-12-10 11:51:09,243 [INFO] WebApp:477 - Direct internet connection detected
2024-12-10 11:51:09,359 [INFO] WebApp:880 - Register for checkConnection events
2024-12-10 11:51:09,359 [INFO] WebApp:449 - Apply proxy settings
2024-12-10 11:51:09,360 [INFO] WebApp:534 - Chromium requires no authentication
2024-12-10 11:51:09,361 [INFO] WebApp:477 - Direct internet connection detected
2024-12-10 11:51:10,035 [INFO] WebApp:221 - Starting web application
2024-12-10 11:51:10,036 [INFO] WebApp:579 - Web application path used C:\Programs_2\ST\STM32CubeIDE_1.16.1\STM32CubeIDE\plugins\com.st.stm32cube.common.mx_6.13.0.202411220809\db\plugins\mcufinder\reactClient1\index.html
2024-12-10 11:51:10,327 [INFO] UserAuth:486 - Internet connection configuration mode: 1
2024-12-10 11:51:10,401 [INFO] WebApp:187 - Connection restablished
2024-12-10 11:51:11,221 [WARN] PackLoader:240 - Cannot read IP mode file for STMicroelectronics.X-CUBE-BLEMGR.4.0.0
2024-12-10 11:51:11,285 [INFO] PopulateThirdPartyThread:66 - Ending populate Thread
2024-12-10 11:51:11,287 [INFO] ThirdParty:1030 - CMSIS Pack Vendor :STMicroelectronics X-CUBE-BLEMGR 4.0.0
2024-12-10 11:51:11,287 [INFO] LoadServerUpdatesThread:375 - End of LoadServerUpdate Thread
2024-12-10 11:51:11,889 [INFO] CheckServerUpdateThread:120 - End of CheckServer Thread
2024-12-10 12:09:34,105 [ERROR] LogOutputStream:75 - [STDERR_REDIRECT] 
2024-12-10 12:09:34,108 [ERROR] LogOutputStream:75 - [STDERR_REDIRECT] 
