2024-12-05 10:37:53,308 [INFO] Activator:176 - 


2024-12-05 10:37:53,326 [INFO] Activator:177 - !SESSION log4j initialized
2024-12-05 10:38:09,687 [INFO] LogOutputStream:77 - [STDOUT_REDIRECT] 
2024-12-05 10:38:14,319 [INFO] ApplicationProperties:184 - Using Application install path: C:\Programs_2\ST\STM32CubeIDE_1.16.1\STM32CubeIDE\plugins\com.st.stm32cube.common.mx_6.13.0.202411220809
2024-12-05 10:38:14,382 [INFO] DbMcusXml:78 - Set database path to: C:\Programs_2\ST\STM32CubeIDE_1.16.1\STM32CubeIDE\plugins\com.st.stm32cube.common.mx_6.13.0.202411220809\\db\/mcu/
2024-12-05 10:38:14,383 [INFO] ApiDb:274 - Set plugin database path to: C:\Programs_2\ST\STM32CubeIDE_1.16.1\STM32CubeIDE\plugins\com.st.stm32cube.common.mx_6.13.0.202411220809\\db\/plugins/boardmanager/
2024-12-05 10:38:14,384 [WARN] ApiDb:259 - Overriding images path with different value:  => C:\Programs_2\ST\STM32CubeIDE_1.16.1\STM32CubeIDE\plugins\com.st.stm32cube.common.mx_6.13.0.202411220809\\db\/plugins/mcufinder/images/
2024-12-05 10:38:14,419 [INFO] ApiDb:250 - Set database path to: C:\Users\asad1\.stmcufinder\plugins\mcufinder//mcu/
2024-12-05 10:38:14,424 [INFO] DbMcusAds:125 - Set database path to: C:\Users\asad1\.stmcufinder\plugins\mcufinder//mcu/
2024-12-05 10:38:14,432 [INFO] CrossReferenceDbSqlite:203 - Set database path to: C:\Users\asad1\.stmcufinder\plugins\mcufinder//mcu/cs/
2024-12-05 10:38:14,779 [INFO] RulesReader:64 - Compatibility file has been processed (297 Rules)
2024-12-05 10:38:15,024 [INFO] DbMcusXml:78 - Set database path to: C:\Programs_2\ST\STM32CubeIDE_1.16.1\STM32CubeIDE\plugins\com.st.stm32cube.common.mx_6.13.0.202411220809\\db\/mcu/
2024-12-05 10:38:15,024 [INFO] ApiDb:274 - Set plugin database path to: C:\Programs_2\ST\STM32CubeIDE_1.16.1\STM32CubeIDE\plugins\com.st.stm32cube.common.mx_6.13.0.202411220809\\db\/plugins/boardmanager/
2024-12-05 10:38:15,025 [INFO] ApiDb:261 - Set plugin images path to: C:\Programs_2\ST\STM32CubeIDE_1.16.1\STM32CubeIDE\plugins\com.st.stm32cube.common.mx_6.13.0.202411220809\\db\/plugins/mcufinder/images/
2024-12-05 10:38:15,025 [WARN] DbFile:41 - Overriding database path with different value: C:\Users\asad1\.stmcufinder\plugins\mcufinder/ => C:\Users\asad1\.stmcufinder\plugins\mcufinder
2024-12-05 10:38:15,026 [INFO] ApiDb:250 - Set database path to: C:\Users\asad1\.stmcufinder\plugins\mcufinder//mcu/
2024-12-05 10:38:15,026 [WARN] DbFile:41 - Overriding database path with different value: C:\Users\asad1\.stmcufinder\plugins\mcufinder/ => C:\Users\asad1\.stmcufinder\plugins\mcufinder
2024-12-05 10:38:15,026 [INFO] DbMcusAds:125 - Set database path to: C:\Users\asad1\.stmcufinder\plugins\mcufinder//mcu/
2024-12-05 10:38:15,026 [WARN] DbFile:41 - Overriding database path with different value: C:\Users\asad1\.stmcufinder\plugins\mcufinder/ => C:\Users\asad1\.stmcufinder\plugins\mcufinder
2024-12-05 10:38:15,027 [WARN] DbFile:41 - Overriding database path with different value: C:\Users\asad1\.stmcufinder\plugins\mcufinder/ => C:\Users\asad1\.stmcufinder\plugins\mcufinder
2024-12-05 10:38:15,027 [INFO] CrossReferenceDbSqlite:203 - Set database path to: C:\Users\asad1\.stmcufinder\plugins\mcufinder//mcu/cs/
2024-12-05 10:38:15,271 [INFO] MainPanel:272 - HeapMemory: 268435456
2024-12-05 10:38:15,636 [INFO] DbMcusXml:78 - Set database path to: C:\Programs_2\ST\STM32CubeIDE_1.16.1\STM32CubeIDE\plugins\com.st.stm32cube.common.mx_6.13.0.202411220809\\db\/mcu/
2024-12-05 10:38:15,636 [INFO] ApiDb:274 - Set plugin database path to: C:\Programs_2\ST\STM32CubeIDE_1.16.1\STM32CubeIDE\plugins\com.st.stm32cube.common.mx_6.13.0.202411220809\\db\/plugins/boardmanager/
2024-12-05 10:38:15,636 [INFO] ApiDb:261 - Set plugin images path to: C:\Programs_2\ST\STM32CubeIDE_1.16.1\STM32CubeIDE\plugins\com.st.stm32cube.common.mx_6.13.0.202411220809\\db\/plugins/mcufinder/images/
2024-12-05 10:38:15,638 [WARN] DbFile:41 - Overriding database path with different value: C:\Users\asad1\.stmcufinder\plugins\mcufinder/ => C:\Users\asad1\.stmcufinder\plugins\mcufinder
2024-12-05 10:38:15,638 [INFO] ApiDb:250 - Set database path to: C:\Users\asad1\.stmcufinder\plugins\mcufinder//mcu/
2024-12-05 10:38:15,639 [WARN] DbFile:41 - Overriding database path with different value: C:\Users\asad1\.stmcufinder\plugins\mcufinder/ => C:\Users\asad1\.stmcufinder\plugins\mcufinder
2024-12-05 10:38:15,639 [INFO] DbMcusAds:125 - Set database path to: C:\Users\asad1\.stmcufinder\plugins\mcufinder//mcu/
2024-12-05 10:38:15,639 [WARN] DbFile:41 - Overriding database path with different value: C:\Users\asad1\.stmcufinder\plugins\mcufinder/ => C:\Users\asad1\.stmcufinder\plugins\mcufinder
2024-12-05 10:38:15,640 [WARN] DbFile:41 - Overriding database path with different value: C:\Users\asad1\.stmcufinder\plugins\mcufinder/ => C:\Users\asad1\.stmcufinder\plugins\mcufinder
2024-12-05 10:38:15,640 [INFO] CrossReferenceDbSqlite:203 - Set database path to: C:\Users\asad1\.stmcufinder\plugins\mcufinder//mcu/cs/
2024-12-05 10:38:15,700 [INFO] ApplicationProperties:184 - Using Application install path: C:\Programs_2\ST\STM32CubeIDE_1.16.1\STM32CubeIDE\plugins\com.st.stm32cube.common.mx_6.13.0.202411220809
2024-12-05 10:38:15,704 [INFO] PluginManage:196 - Search for loadable plugins [exclusion list=, ]
2024-12-05 10:38:15,709 [INFO] PluginManage:310 - Check plugin analytics
2024-12-05 10:38:16,308 [INFO] AnalyticsPlugin:253 - Accepted Software Licenses: STM32CubeMX.6.13.0
2024-12-05 10:38:16,309 [INFO] AnalyticsPlugin:255 - Accepted CMSIS Pack Licenses: 
2024-12-05 10:38:16,311 [INFO] AnalyticsPlugin:257 - Accepted Firmware Licenses: FW.G0.1.6.0,FW.L4.1.18.0,FW.F4.1.28.0
2024-12-05 10:38:16,323 [INFO] PluginManage:359 - Loaded plugin analytics (category:tool,tabindex:-1)
2024-12-05 10:38:16,325 [INFO] PluginManage:310 - Check plugin cadmodel
2024-12-05 10:38:16,363 [INFO] CADModel:105 - Init CAD model plugin
2024-12-05 10:38:16,364 [INFO] PluginManage:359 - Loaded plugin cadmodel (category:power,tabindex:5)
2024-12-05 10:38:16,365 [INFO] PluginManage:310 - Check plugin clock
2024-12-05 10:38:16,410 [INFO] PluginManage:359 - Loaded plugin clock (category:base,tabindex:2)
2024-12-05 10:38:16,411 [INFO] PluginManage:310 - Check plugin ddr
2024-12-05 10:38:16,418 [INFO] PluginManage:359 - Loaded plugin ddr (category:tool,tabindex:6)
2024-12-05 10:38:16,419 [INFO] PluginManage:310 - Check plugin filemanager
2024-12-05 10:38:16,899 [INFO] PluginManage:359 - Loaded plugin filemanager (category:base,tabindex:10)
2024-12-05 10:38:16,900 [INFO] PluginManage:310 - Check plugin ipmanager
2024-12-05 10:38:16,918 [INFO] PluginManage:359 - Loaded plugin ipmanager (category:base,tabindex:5)
2024-12-05 10:38:16,919 [INFO] PluginManage:310 - Check plugin lpbam
2024-12-05 10:38:16,964 [INFO] PluginManage:359 - Loaded plugin lpbam (category:base,tabindex:0)
2024-12-05 10:38:16,965 [INFO] PluginManage:310 - Check plugin memorymap
2024-12-05 10:38:17,041 [INFO] PluginManage:359 - Loaded plugin memorymap (category:base,tabindex:4)
2024-12-05 10:38:17,041 [INFO] PluginManage:310 - Check plugin pinoutandconfiguration
2024-12-05 10:38:17,095 [INFO] PluginManage:359 - Loaded plugin pinoutandconfiguration (category:base,tabindex:1)
2024-12-05 10:38:17,096 [INFO] PluginManage:310 - Check plugin pinoutconfig
2024-12-05 10:38:17,403 [WARN] SupportedApi:132 - Cannot load RTOS API schema: s4s-elt-must-match.1: The content of 'definitions' must match (annotation?, (simpleType | complexType)?, (unique | key | keyref)*)). A problem was found starting at: attribute.
2024-12-05 10:38:17,807 [INFO] PluginManage:359 - Loaded plugin pinoutconfig (category:base,tabindex:0)
2024-12-05 10:38:17,808 [INFO] PluginManage:310 - Check plugin power
2024-12-05 10:38:17,860 [INFO] PluginManage:359 - Loaded plugin power (category:power,tabindex:4)
2024-12-05 10:38:17,861 [INFO] PluginManage:310 - Check plugin projectmanager
2024-12-05 10:38:17,902 [INFO] PluginManage:359 - Loaded plugin projectmanager (category:projectmanager,tabindex:4)
2024-12-05 10:38:17,902 [INFO] PluginManage:310 - Check plugin rif
2024-12-05 10:38:17,953 [INFO] PluginManage:359 - Loaded plugin rif (category:base,tabindex:3)
2024-12-05 10:38:17,954 [INFO] PluginManage:310 - Check plugin thirdparty
2024-12-05 10:38:18,654 [INFO] PluginManage:359 - Loaded plugin thirdparty (category:base,tabindex:-1)
2024-12-05 10:38:18,654 [WARN] IntegrityCheckThread:84 - waiting for thirdparty lock release [integrity check]
2024-12-05 10:38:18,654 [INFO] PluginManage:310 - Check plugin tools
2024-12-05 10:38:18,655 [INFO] IntegrityCheckThread:86 - entering critical section [integrity check]
2024-12-05 10:38:18,656 [INFO] ThirdPartyUpdaterWithRetryManager:70 - Updater plugin not ready yet. [1/15]
2024-12-05 10:38:18,729 [INFO] PluginManage:359 - Loaded plugin tools (category:base,tabindex:7)
2024-12-05 10:38:18,729 [INFO] PluginManage:310 - Check plugin tutovideos
2024-12-05 10:38:19,377 [INFO] PluginManage:359 - Loaded plugin tutovideos (category:base,tabindex:-1)
2024-12-05 10:38:19,378 [INFO] PluginManage:310 - Check plugin updater
2024-12-05 10:38:19,450 [INFO] PluginManage:359 - Loaded plugin updater (category:base,tabindex:12)
2024-12-05 10:38:19,450 [INFO] PluginManage:310 - Check plugin userauth
2024-12-05 10:38:19,464 [INFO] UserAuth:118 - Init User Auth plugin
2024-12-05 10:38:19,468 [INFO] PluginManage:359 - Loaded plugin userauth (category:base,tabindex:14)
2024-12-05 10:38:19,469 [INFO] PluginManage:283 - PluginManage : Loaded plugins [18]
2024-12-05 10:38:20,117 [INFO] PinOutPanel:1589 - setPackage(No Configuration,No Configuration)
2024-12-05 10:38:20,393 [INFO] CADModel:165 - CPN selected for project level
2024-12-05 10:38:20,393 [INFO] CADModel:114 - Register for checkConnection events
2024-12-05 10:38:20,473 [INFO] IPUIPlugin:80 - create IPUIPlugin
2024-12-05 10:38:20,473 [INFO] PluginManager:220 - loadIPPluginJar : add adc
2024-12-05 10:38:20,557 [INFO] IPUIPlugin:80 - create IPUIPlugin
2024-12-05 10:38:20,558 [INFO] PluginManager:220 - loadIPPluginJar : add aes
2024-12-05 10:38:20,665 [INFO] IPUIPlugin:80 - create IPUIPlugin
2024-12-05 10:38:20,665 [INFO] PluginManager:220 - loadIPPluginJar : add can
2024-12-05 10:38:20,778 [INFO] IPUIPlugin:80 - create IPUIPlugin
2024-12-05 10:38:20,780 [INFO] PluginManager:220 - loadIPPluginJar : add comp
2024-12-05 10:38:20,938 [INFO] IPUIPlugin:80 - create IPUIPlugin
2024-12-05 10:38:20,938 [INFO] PluginManager:220 - loadIPPluginJar : add cryp
2024-12-05 10:38:20,973 [INFO] IPUIPlugin:80 - create IPUIPlugin
2024-12-05 10:38:20,973 [INFO] PluginManager:220 - loadIPPluginJar : add ddr_ctrl_phy
2024-12-05 10:38:21,054 [INFO] IPUIPlugin:80 - create IPUIPlugin
2024-12-05 10:38:21,055 [INFO] PluginManager:220 - loadIPPluginJar : add dfsdm
2024-12-05 10:38:21,106 [INFO] IPUIPlugin:80 - create IPUIPlugin
2024-12-05 10:38:21,108 [INFO] PluginManager:220 - loadIPPluginJar : add dma
2024-12-05 10:38:21,249 [INFO] IPUIPlugin:80 - create IPUIPlugin
2024-12-05 10:38:21,250 [INFO] PluginManager:220 - loadIPPluginJar : add dma3
2024-12-05 10:38:21,354 [INFO] IPUIPlugin:80 - create IPUIPlugin
2024-12-05 10:38:21,354 [INFO] PluginManager:220 - loadIPPluginJar : add extmemmanager
2024-12-05 10:38:21,398 [INFO] IPUIPlugin:80 - create IPUIPlugin
2024-12-05 10:38:21,398 [INFO] PluginManager:220 - loadIPPluginJar : add fatfs
2024-12-05 10:38:21,572 [INFO] IPUIPlugin:80 - create IPUIPlugin
2024-12-05 10:38:21,573 [INFO] PluginManager:220 - loadIPPluginJar : add fmc
2024-12-05 10:38:21,617 [INFO] IPUIPlugin:80 - create IPUIPlugin
2024-12-05 10:38:21,618 [INFO] PluginManager:220 - loadIPPluginJar : add freertos
2024-12-05 10:38:21,658 [INFO] ThirdPartyUpdaterWithRetryManager:70 - Updater plugin not ready yet. [2/15]
2024-12-05 10:38:21,665 [INFO] IPUIPlugin:80 - create IPUIPlugin
2024-12-05 10:38:21,665 [INFO] PluginManager:220 - loadIPPluginJar : add genericplugin
2024-12-05 10:38:21,956 [INFO] IPUIPlugin:80 - create IPUIPlugin
2024-12-05 10:38:21,956 [INFO] PluginManager:220 - loadIPPluginJar : add gfxmmu
2024-12-05 10:38:22,431 [INFO] IPUIPlugin:80 - create IPUIPlugin
2024-12-05 10:38:22,432 [INFO] PluginManager:220 - loadIPPluginJar : add gic
2024-12-05 10:38:22,482 [INFO] IPUIPlugin:80 - create IPUIPlugin
2024-12-05 10:38:22,482 [INFO] PluginManager:220 - loadIPPluginJar : add gpio
2024-12-05 10:38:22,791 [INFO] IPUIPlugin:80 - create IPUIPlugin
2024-12-05 10:38:22,792 [INFO] PluginManager:220 - loadIPPluginJar : add gtzc
2024-12-05 10:38:22,908 [INFO] IPUIPlugin:80 - create IPUIPlugin
2024-12-05 10:38:22,909 [INFO] PluginManager:220 - loadIPPluginJar : add hash
2024-12-05 10:38:23,130 [INFO] IPUIPlugin:80 - create IPUIPlugin
2024-12-05 10:38:23,131 [INFO] PluginManager:220 - loadIPPluginJar : add i2c
2024-12-05 10:38:23,298 [INFO] IPUIPlugin:80 - create IPUIPlugin
2024-12-05 10:38:23,298 [INFO] PluginManager:220 - loadIPPluginJar : add i2s
2024-12-05 10:38:23,409 [INFO] IPUIPlugin:80 - create IPUIPlugin
2024-12-05 10:38:23,410 [INFO] PluginManager:220 - loadIPPluginJar : add i3c
2024-12-05 10:38:23,799 [INFO] IPUIPlugin:80 - create IPUIPlugin
2024-12-05 10:38:23,799 [INFO] PluginManager:220 - loadIPPluginJar : add ipddr
2024-12-05 10:38:24,160 [INFO] IPUIPlugin:80 - create IPUIPlugin
2024-12-05 10:38:24,160 [INFO] PluginManager:220 - loadIPPluginJar : add linkedlist
2024-12-05 10:38:24,270 [INFO] IPUIPlugin:80 - create IPUIPlugin
2024-12-05 10:38:24,271 [INFO] PluginManager:220 - loadIPPluginJar : add lorawan
2024-12-05 10:38:24,384 [INFO] IPUIPlugin:80 - create IPUIPlugin
2024-12-05 10:38:24,385 [INFO] PluginManager:220 - loadIPPluginJar : add ltdc
2024-12-05 10:38:24,427 [INFO] IPUIPlugin:80 - create IPUIPlugin
2024-12-05 10:38:24,427 [INFO] PluginManager:220 - loadIPPluginJar : add mdma
2024-12-05 10:38:24,471 [INFO] IPUIPlugin:80 - create IPUIPlugin
2024-12-05 10:38:24,472 [INFO] PluginManager:220 - loadIPPluginJar : add nvic
2024-12-05 10:38:24,593 [INFO] IPUIPlugin:80 - create IPUIPlugin
2024-12-05 10:38:24,593 [INFO] PluginManager:220 - loadIPPluginJar : add opamp
2024-12-05 10:38:24,660 [INFO] ThirdPartyUpdaterWithRetryManager:70 - Updater plugin not ready yet. [3/15]
2024-12-05 10:38:24,780 [INFO] IPUIPlugin:80 - create IPUIPlugin
2024-12-05 10:38:24,781 [INFO] PluginManager:220 - loadIPPluginJar : add openamp
2024-12-05 10:38:24,924 [INFO] IPUIPlugin:80 - create IPUIPlugin
2024-12-05 10:38:24,924 [INFO] PluginManager:220 - loadIPPluginJar : add pdm2pcm
2024-12-05 10:38:24,959 [INFO] IPUIPlugin:80 - create IPUIPlugin
2024-12-05 10:38:24,966 [INFO] PluginManager:220 - loadIPPluginJar : add plateformsettings
2024-12-05 10:38:25,008 [INFO] IPUIPlugin:80 - create IPUIPlugin
2024-12-05 10:38:25,008 [INFO] PluginManager:220 - loadIPPluginJar : add quadspi
2024-12-05 10:38:25,069 [INFO] IPUIPlugin:80 - create IPUIPlugin
2024-12-05 10:38:25,071 [INFO] PluginManager:220 - loadIPPluginJar : add radio
2024-12-05 10:38:25,100 [INFO] IPUIPlugin:80 - create IPUIPlugin
2024-12-05 10:38:25,101 [INFO] PluginManager:220 - loadIPPluginJar : add resmgrutility
2024-12-05 10:38:25,237 [INFO] IPUIPlugin:80 - create IPUIPlugin
2024-12-05 10:38:25,238 [INFO] PluginManager:220 - loadIPPluginJar : add sai
2024-12-05 10:38:25,364 [INFO] IPUIPlugin:80 - create IPUIPlugin
2024-12-05 10:38:25,364 [INFO] PluginManager:220 - loadIPPluginJar : add spi
2024-12-05 10:38:25,559 [INFO] IPUIPlugin:80 - create IPUIPlugin
2024-12-05 10:38:25,560 [INFO] PluginManager:220 - loadIPPluginJar : add stm32_wpan
2024-12-05 10:38:25,643 [INFO] IPUIPlugin:80 - create IPUIPlugin
2024-12-05 10:38:25,643 [INFO] PluginManager:220 - loadIPPluginJar : add tim
2024-12-05 10:38:25,819 [INFO] IPUIPlugin:80 - create IPUIPlugin
2024-12-05 10:38:25,820 [INFO] PluginManager:220 - loadIPPluginJar : add touchsensing
2024-12-05 10:38:25,917 [INFO] IPUIPlugin:80 - create IPUIPlugin
2024-12-05 10:38:25,917 [INFO] PluginManager:220 - loadIPPluginJar : add tracer_emb
2024-12-05 10:38:25,971 [INFO] IPUIPlugin:80 - create IPUIPlugin
2024-12-05 10:38:25,971 [INFO] PluginManager:220 - loadIPPluginJar : add ts
2024-12-05 10:38:26,034 [INFO] IPUIPlugin:80 - create IPUIPlugin
2024-12-05 10:38:26,034 [INFO] PluginManager:220 - loadIPPluginJar : add tsc
2024-12-05 10:38:26,132 [INFO] IPUIPlugin:80 - create IPUIPlugin
2024-12-05 10:38:26,133 [INFO] PluginManager:220 - loadIPPluginJar : add ucpd
2024-12-05 10:38:26,322 [INFO] IPUIPlugin:80 - create IPUIPlugin
2024-12-05 10:38:26,323 [INFO] PluginManager:220 - loadIPPluginJar : add usart
2024-12-05 10:38:26,456 [INFO] IPUIPlugin:80 - create IPUIPlugin
2024-12-05 10:38:26,456 [INFO] PluginManager:220 - loadIPPluginJar : add usbx
2024-12-05 10:38:26,740 [FATAL] Updater:351 - Updater called before beeing initialized
2024-12-05 10:38:26,831 [INFO] RulesReader:64 - Compatibility file has been processed (297 Rules)
2024-12-05 10:38:26,876 [INFO] RulesReader:64 - Compatibility file has been processed (297 Rules)
2024-12-05 10:38:26,898 [INFO] CADModel:165 - CPN selected for project level
2024-12-05 10:38:26,899 [INFO] CADModel:114 - Register for checkConnection events
2024-12-05 10:38:26,899 [FATAL] Updater:351 - Updater called before beeing initialized
2024-12-05 10:38:26,900 [ERROR] CADModel:125 - Updater not yet initialized, retry later 
2024-12-05 10:38:27,372 [FATAL] Updater:351 - Updater called before beeing initialized
2024-12-05 10:38:27,378 [INFO] CADModel:165 - CPN selected for project level
2024-12-05 10:38:27,378 [INFO] CADModel:114 - Register for checkConnection events
2024-12-05 10:38:27,379 [FATAL] Updater:351 - Updater called before beeing initialized
2024-12-05 10:38:27,379 [ERROR] CADModel:125 - Updater not yet initialized, retry later 
2024-12-05 10:38:27,390 [FATAL] Updater:351 - Updater called before beeing initialized
2024-12-05 10:38:27,661 [INFO] ThirdPartyUpdaterWithRetryManager:70 - Updater plugin not ready yet. [4/15]
2024-12-05 10:38:27,731 [FATAL] Updater:351 - Updater called before beeing initialized
2024-12-05 10:38:27,758 [INFO] DbMcusAds:53 - JSON generation date=Fri Sep 20 15:04:23 CEST 2024 (1726837463113)
2024-12-05 10:38:27,758 [FATAL] Updater:351 - Updater called before beeing initialized
2024-12-05 10:38:27,899 [WARN] DetailPanel:346 - Failed to get advertising image, set to default
2024-12-05 10:38:28,854 [FATAL] Updater:351 - Updater called before beeing initialized
2024-12-05 10:38:28,860 [FATAL] Updater:351 - Updater called before beeing initialized
2024-12-05 10:38:28,860 [FATAL] Updater:351 - Updater called before beeing initialized
2024-12-05 10:38:28,861 [WARN] DetailPanel:346 - Failed to get advertising image, set to default
2024-12-05 10:38:28,863 [FATAL] Updater:351 - Updater called before beeing initialized
2024-12-05 10:38:29,037 [ERROR] Updater:1198 - MainUpdater not yet initialized. External WinMGr cannot be set.
2024-12-05 10:38:29,057 [INFO] Updater:1134 - Updater Version found : 6.13.0
2024-12-05 10:38:29,132 [INFO] ApplicationProperties:184 - Using Application install path: C:\Programs_2\ST\STM32CubeIDE_1.16.1\STM32CubeIDE\plugins\com.st.stm32cube.common.mx_6.13.0.202411220809
2024-12-05 10:38:30,662 [FATAL] Updater:351 - Updater called before beeing initialized
2024-12-05 10:38:30,663 [ERROR] IntegrityCheckThread:130 - Cannot retrieve database content from updater: error 21
2024-12-05 10:38:30,664 [INFO] ThirdParty:978 - Integrity check success = false
2024-12-05 10:38:30,664 [INFO] IntegrityCheckThread:100 - exiting critical section [integrity check]
2024-12-05 10:38:30,664 [INFO] IntegrityCheckThread:103 - End integrity checks thread
2024-12-05 10:38:30,769 [ERROR] LogOutputStream:75 - [STDERR_REDIRECT] Dec 05, 2024 10:38:30 AM java.util.prefs.WindowsPreferences <init>
2024-12-05 10:38:30,773 [ERROR] LogOutputStream:75 - [STDERR_REDIRECT] WARNING: Could not open/create prefs root node Software\JavaSoft\Prefs at root 0xffffffff80000002. Windows RegCreateKeyEx(...) returned error code 5.
2024-12-05 10:38:30,774 [ERROR] LogOutputStream:75 - [STDERR_REDIRECT] 
2024-12-05 10:38:31,945 [INFO] MainUpdater:2872 - connection check result : 10
2024-12-05 10:38:31,948 [INFO] MainUpdater:289 - Updater Check For Update Now.
2024-12-05 10:38:31,949 [INFO] MicroXplorer:498 - Change Database Version : DB.6.0.130
2024-12-05 10:38:32,006 [INFO] McuFinderGlobals:63 - Set McuFinder mode to 2 (CubeIDE integrated)
2024-12-05 10:38:32,031 [INFO] UserAuth:486 - Internet connection configuration mode: 1
2024-12-05 10:38:32,114 [INFO] JxBrowserEngine:152 - Initiate JxBrowser Engine with user profile folder
2024-12-05 10:38:32,587 [INFO] CheckServerUpdateThread:120 - End of CheckServer Thread
2024-12-05 10:38:34,782 [INFO] WebApp:168 - Instantiating new browser for Auth
2024-12-05 10:38:36,572 [INFO] WebApp:449 - Apply proxy settings
2024-12-05 10:38:36,573 [INFO] WebApp:534 - Chromium requires no authentication
2024-12-05 10:38:36,625 [INFO] WebApp:477 - Direct internet connection detected
2024-12-05 10:38:36,730 [INFO] WebApp:880 - Register for checkConnection events
2024-12-05 10:38:36,731 [INFO] WebApp:449 - Apply proxy settings
2024-12-05 10:38:36,731 [INFO] WebApp:534 - Chromium requires no authentication
2024-12-05 10:38:36,732 [INFO] WebApp:477 - Direct internet connection detected
2024-12-05 10:38:37,333 [INFO] WebApp:221 - Starting web application
2024-12-05 10:38:37,334 [INFO] WebApp:579 - Web application path used C:\Programs_2\ST\STM32CubeIDE_1.16.1\STM32CubeIDE\plugins\com.st.stm32cube.common.mx_6.13.0.202411220809\db\plugins\mcufinder\reactClient1\index.html
2024-12-05 10:38:37,689 [INFO] UserAuth:486 - Internet connection configuration mode: 1
2024-12-05 10:38:37,736 [INFO] WebApp:187 - Connection restablished
2024-12-05 15:32:33,572 [INFO] WebApp:190 - Connection lost
2024-12-05 15:34:21,536 [INFO] WebApp:187 - Connection restablished
2024-12-05 15:45:30,846 [ERROR] LogOutputStream:75 - [STDERR_REDIRECT] 
